{
  "timestamp": "2024-10-15T15:53:32.620Z",
  "level": "error",
  "message": "Error occurred during user registration.",
  "data": {
    "error": "This username is already taken. Please choose a different username."
  }
}

{
  "timestamp": "2024-10-15T15:53:32.621Z",
  "level": "error",
  "message": "Registration error: ",
  "data": {
    "error": "This username is already taken. Please choose a different username."
  }
}

{
  "timestamp": "2024-10-15T15:53:59.410Z",
  "level": "error",
  "message": "Error occurred during user registration.",
  "data": {
    "error": "This username is already taken. Please choose a different username."
  }
}

{
  "timestamp": "2024-10-15T15:53:59.411Z",
  "level": "error",
  "message": "Registration error: ",
  "data": {
    "error": "This username is already taken. Please choose a different username."
  }
}

{
  "timestamp": "2024-10-15T15:55:33.851Z",
  "level": "error",
  "message": "Error occurred during user registration.",
  "data": {
    "error": "This username is already taken. Please choose a different username."
  }
}

{
  "timestamp": "2024-10-15T15:55:33.852Z",
  "level": "error",
  "message": "Registration error: ",
  "data": {
    "error": "This username is already taken. Please choose a different username."
  }
}

{
  "timestamp": "2024-10-15T15:58:46.878Z",
  "level": "error",
  "message": "Error occurred during user registration.",
  "data": {
    "error": "This username is already taken. Please choose a different username."
  }
}

{
  "timestamp": "2024-10-15T15:58:46.880Z",
  "level": "error",
  "message": "Registration error: ",
  "data": {
    "error": "This username is already taken. Please choose a different username."
  }
}

{
  "timestamp": "2024-10-15T16:17:43.784Z",
  "level": "error",
  "message": "Error occurred during user registration.",
  "data": {
    "error": "This username is already taken. Please choose a different username."
  }
}

{
  "timestamp": "2024-10-15T16:17:43.786Z",
  "level": "error",
  "message": "Registration error: ",
  "data": {
    "error": "This username is already taken. Please choose a different username."
  }
}

{
  "timestamp": "2024-10-15T20:31:22.950Z",
  "level": "error",
  "message": "Error occurred during user registration.",
  "data": {
    "error": "This username is already taken. Please choose a different username."
  }
}

{
  "timestamp": "2024-10-15T20:31:22.952Z",
  "level": "error",
  "message": "Registration error: ",
  "data": {
    "error": "This username is already taken. Please choose a different username."
  }
}

{
  "timestamp": "2024-10-16T07:20:29.287Z",
  "level": "error",
  "message": "Cannot destructure property 'userName' of 'undefined' as it is undefined."
}

{
  "timestamp": "2024-10-16T07:21:19.008Z",
  "level": "error",
  "message": "Cannot destructure property 'userName' of 'undefined' as it is undefined."
}

{
  "timestamp": "2024-10-16T07:21:42.011Z",
  "level": "error",
  "message": "Cannot destructure property 'userName' of 'undefined' as it is undefined."
}

{
  "timestamp": "2024-10-16T08:08:08.153Z",
  "level": "error",
  "message": "Cannot read properties of undefined (reading '_id')"
}

{
  "timestamp": "2024-10-16T08:09:04.121Z",
  "level": "error",
  "message": "convertTimeToMilliseconds is not defined"
}

{
  "timestamp": "2024-10-16T08:09:40.332Z",
  "level": "error",
  "message": "convertTimeToMilliseconds is not defined"
}

{
  "timestamp": "2024-10-16T08:11:29.997Z",
  "level": "error",
  "message": "convertTimeToMilliseconds is not defined"
}

{
  "timestamp": "2024-10-16T08:20:13.417Z",
  "level": "error",
  "message": "Cannot read properties of undefined (reading '_id')"
}

{
  "timestamp": "2024-10-16T08:20:50.664Z",
  "level": "error",
  "message": "Cannot read properties of undefined (reading '_id')"
}

{
  "timestamp": "2024-10-16T08:22:28.337Z",
  "level": "error",
  "message": "Cannot read properties of undefined (reading '_id')"
}

{
  "timestamp": "2024-10-16T08:23:06.733Z",
  "level": "error",
  "message": "Cannot read properties of undefined (reading '_id')"
}

{
  "timestamp": "2024-10-16T08:23:59.407Z",
  "level": "error",
  "message": "Cannot read properties of undefined (reading '_id')"
}

{
  "timestamp": "2024-10-16T08:24:50.598Z",
  "level": "error",
  "message": "Cannot read properties of undefined (reading '_id')"
}

{
  "timestamp": "2024-10-16T14:57:06.983Z",
  "level": "error",
  "message": "Error occurred during user login.",
  "data": {
    "error": "Invalid credentials. Please check your username or email and password, then try again."
  }
}

{
  "timestamp": "2024-10-16T14:57:35.323Z",
  "level": "error",
  "message": "Error occurred during user login.",
  "data": {
    "error": "Invalid credentials. Please check your username or email and password, then try again."
  }
}

{
  "timestamp": "2024-10-16T15:07:08.365Z",
  "level": "error",
  "message": "Error occurred during user registration.",
  "data": {
    "error": "This email is already registered. Please use a different email address or log in to your account."
  }
}

{
  "timestamp": "2024-10-16T15:08:57.216Z",
  "level": "error",
  "message": "Error occurred during user registration.",
  "data": {
    "error": "This username is already taken. Please choose a different username."
  }
}

{
  "timestamp": "2024-10-18T09:15:37.378Z",
  "level": "error",
  "message": "Error occurred during user login.",
  "data": {
    "error": "Invalid credentials. Please check your username or email and password, then try again."
  }
}

{
  "timestamp": "2024-10-18T09:15:53.531Z",
  "level": "error",
  "message": "Error occurred during user login.",
  "data": {
    "error": "Invalid credentials. Please check your username or email and password, then try again."
  }
}

{
  "timestamp": "2024-10-18T09:16:09.670Z",
  "level": "error",
  "message": "Error occurred during user login.",
  "data": {
    "error": "Invalid credentials. Please check your username or email and password, then try again."
  }
}

{
  "timestamp": "2024-10-21T16:29:03.012Z",
  "level": "error",
  "message": "Error occurred during user login.",
  "data": {
    "error": "Invalid credentials. Please check your username or email and password, then try again."
  }
}

{
  "timestamp": "2024-10-21T17:14:52.367Z",
  "level": "error",
  "message": "Error occurred during user login.",
  "data": {
    "error": "Invalid credentials. Please check your username or email and password, then try again."
  }
}

{
  "timestamp": "2024-10-21T18:43:08.840Z",
  "level": "error",
  "message": "Error occurred during user login.",
  "data": {
    "error": "Invalid credentials. Please check your username or email and password, then try again."
  }
}

{
  "timestamp": "2024-10-21T19:04:11.253Z",
  "level": "error",
  "message": "Error occurred during user login.",
  "data": {
    "error": "Invalid credentials. Please check your username or email and password, then try again."
  }
}

{
  "timestamp": "2024-10-21T19:04:53.637Z",
  "level": "error",
  "message": "Error occurred during user login.",
  "data": {
    "error": "Invalid credentials. Please check your username or email and password, then try again."
  }
}

{
  "timestamp": "2024-10-21T19:05:53.057Z",
  "level": "error",
  "message": "Error occurred during user login.",
  "data": {
    "error": "Invalid credentials. Please check your username or email and password, then try again."
  }
}

{
  "timestamp": "2024-10-21T19:06:24.170Z",
  "level": "error",
  "message": "Error occurred during user login.",
  "data": {
    "error": "Invalid credentials. Please check your username or email and password, then try again."
  }
}

{
  "timestamp": "2024-10-21T19:07:10.015Z",
  "level": "error",
  "message": "Error occurred during user login.",
  "data": {
    "error": "Invalid credentials. Please check your username or email and password, then try again."
  }
}

{
  "timestamp": "2024-10-21T19:07:30.022Z",
  "level": "error",
  "message": "Error occurred during user login.",
  "data": {
    "error": "Invalid credentials. Please check your username or email and password, then try again."
  }
}

{
  "timestamp": "2024-10-21T19:08:13.289Z",
  "level": "error",
  "message": "Error occurred during user login.",
  "data": {
    "error": "Invalid credentials. Please check your username or email and password, then try again."
  }
}

{
  "timestamp": "2024-10-21T19:09:39.030Z",
  "level": "error",
  "message": "Error occurred during user login.",
  "data": {
    "error": "Invalid credentials. Please check your username or email and password, then try again."
  }
}

{
  "timestamp": "2024-10-21T19:10:17.965Z",
  "level": "error",
  "message": "Error occurred during user login.",
  "data": {
    "error": "Invalid credentials. Please check your username or email and password, then try again."
  }
}

{
  "timestamp": "2024-10-21T19:10:46.093Z",
  "level": "error",
  "message": "Error occurred during user login.",
  "data": {
    "error": "Invalid credentials. Please check your username or email and password, then try again."
  }
}

{
  "timestamp": "2024-10-22T08:03:37.269Z",
  "level": "error",
  "message": "Error occurred during user login.",
  "data": {
    "error": "Invalid credentials. Please check your username or email and password, then try again."
  }
}

{
  "timestamp": "2024-10-22T09:00:05.731Z",
  "level": "error",
  "message": "Error occurred during user login.",
  "data": {
    "error": "Invalid credentials. Please check your username or email and password, then try again."
  }
}

{
  "timestamp": "2024-10-22T09:01:54.101Z",
  "level": "error",
  "message": "Error occurred during user login.",
  "data": {
    "error": "Invalid credentials. Please check your username or email and password, then try again."
  }
}

{
  "timestamp": "2024-10-22T09:09:27.699Z",
  "level": "error",
  "message": "Error occurred during user login.",
  "data": {
    "error": "Invalid credentials. Please check your username or email and password, then try again."
  }
}

{
  "timestamp": "2024-10-22T09:09:48.405Z",
  "level": "error",
  "message": "Error occurred during user login.",
  "data": {
    "error": "Invalid credentials. Please check your username or email and password, then try again."
  }
}

{
  "timestamp": "2024-10-22T09:11:13.980Z",
  "level": "error",
  "message": "Error occurred during user login.",
  "data": {
    "error": "Invalid credentials. Please check your username or email and password, then try again."
  }
}

{
  "timestamp": "2024-10-22T09:11:41.693Z",
  "level": "error",
  "message": "Error occurred during user login.",
  "data": {
    "error": "Invalid credentials. Please check your username or email and password, then try again."
  }
}

{
  "timestamp": "2024-10-22T09:54:36.358Z",
  "level": "error",
  "message": "Error occurred during user login.",
  "data": {
    "error": "Invalid credentials. Please check your username or email and password, then try again."
  }
}

{
  "timestamp": "2024-10-22T10:27:07.425Z",
  "level": "error",
  "message": "Error occurred during user login.",
  "data": {
    "error": "Invalid credentials. Please check your username or email and password, then try again."
  }
}

{
  "timestamp": "2024-10-22T12:16:28.589Z",
  "level": "error",
  "message": "Error occurred during user login.",
  "data": {
    "error": "Invalid credentials. Please check your username or email and password, then try again."
  }
}

{
  "timestamp": "2024-10-22T12:16:40.234Z",
  "level": "error",
  "message": "Error occurred during user login.",
  "data": {
    "error": "Invalid credentials. Please check your username or email and password, then try again."
  }
}

{
  "timestamp": "2024-10-22T12:17:39.785Z",
  "level": "error",
  "message": "Error occurred during user login.",
  "data": {
    "error": "Invalid credentials. Please check your username or email and password, then try again."
  }
}

{
  "timestamp": "2024-10-22T12:17:56.471Z",
  "level": "error",
  "message": "Error occurred during user login.",
  "data": {
    "error": "Invalid credentials. Please check your username or email and password, then try again."
  }
}

{
  "timestamp": "2024-10-22T13:21:15.818Z",
  "level": "error",
  "message": "Error occurred during user login.",
  "data": {
    "error": "Invalid credentials. Please check your username or email and password, then try again."
  }
}

{
  "timestamp": "2024-10-22T13:21:19.995Z",
  "level": "error",
  "message": "Error occurred during user login.",
  "data": {
    "error": "Invalid credentials. Please check your username or email and password, then try again."
  }
}

{
  "timestamp": "2024-10-22T13:35:05.024Z",
  "level": "error",
  "message": "Error occurred during user login.",
  "data": {
    "error": "Invalid credentials. Please check your username or email and password, then try again."
  }
}

{
  "timestamp": "2024-10-22T13:43:14.602Z",
  "level": "error",
  "message": "Error occurred during user login.",
  "data": {
    "error": "Invalid credentials. Please check your username or email and password, then try again."
  }
}

{
  "timestamp": "2024-10-22T13:45:03.879Z",
  "level": "error",
  "message": "Error occurred during user login.",
  "data": {
    "error": "Invalid credentials. Please check your username or email and password, then try again."
  }
}

